Using pre-set license
Built from '2022.3/staging' branch; Version is '2022.3.16f1 (d2c21f0ef2f1) revision 13812255'; Using compiler version '192829333'; Build Type 'Release'
OS: 'Windows 11  (10.0.22635) 64bit CoreSingleLanguage' Language: 'vi' Physical Memory: 7562 MB
BatchMode: 1, IsHumanControllingUs: 0, StartBugReporterOnCrash: 0, Is64bit: 1, IsPro: 1

COMMAND LINE ARGUMENTS:
C:\Program Files\Unity\Hub\Editor\2022.3.16f1\Editor\Unity.exe
-adb2
-batchMode
-noUpm
-name
AssetImportWorker2
-projectPath
C:/Users/PC/Downloads/Dino Thunder
-logFile
Logs/AssetImportWorker2.log
-srvPort
54130
Successfully changed project path to: C:/Users/PC/Downloads/Dino Thunder
C:/Users/PC/Downloads/Dino Thunder
[UnityMemory] Configuration Parameters - Can be set up in boot.config
    "memorysetup-bucket-allocator-granularity=16"
    "memorysetup-bucket-allocator-bucket-count=8"
    "memorysetup-bucket-allocator-block-size=33554432"
    "memorysetup-bucket-allocator-block-count=8"
    "memorysetup-main-allocator-block-size=16777216"
    "memorysetup-thread-allocator-block-size=16777216"
    "memorysetup-gfx-main-allocator-block-size=16777216"
    "memorysetup-gfx-thread-allocator-block-size=16777216"
    "memorysetup-cache-allocator-block-size=4194304"
    "memorysetup-typetree-allocator-block-size=2097152"
    "memorysetup-profiler-bucket-allocator-granularity=16"
    "memorysetup-profiler-bucket-allocator-bucket-count=8"
    "memorysetup-profiler-bucket-allocator-block-size=33554432"
    "memorysetup-profiler-bucket-allocator-block-count=8"
    "memorysetup-profiler-allocator-block-size=16777216"
    "memorysetup-profiler-editor-allocator-block-size=1048576"
    "memorysetup-temp-allocator-size-main=16777216"
    "memorysetup-job-temp-allocator-block-size=2097152"
    "memorysetup-job-temp-allocator-block-size-background=1048576"
    "memorysetup-job-temp-allocator-reduction-small-platforms=262144"
    "memorysetup-allocator-temp-initial-block-size-main=262144"
    "memorysetup-allocator-temp-initial-block-size-worker=262144"
    "memorysetup-temp-allocator-size-background-worker=32768"
    "memorysetup-temp-allocator-size-job-worker=262144"
    "memorysetup-temp-allocator-size-preload-manager=33554432"
    "memorysetup-temp-allocator-size-nav-mesh-worker=65536"
    "memorysetup-temp-allocator-size-audio-worker=65536"
    "memorysetup-temp-allocator-size-cloud-worker=32768"
    "memorysetup-temp-allocator-size-gi-baking-worker=262144"
    "memorysetup-temp-allocator-size-gfx=262144"
Player connection [11856] Host "[IP] 192.168.121.1 [Port] 0 [Flags] 2 [Guid] 1716479960 [EditorId] 1716479960 [Version] 1048832 [Id] WindowsEditor(7,Tan) [Debug] 1 [PackageName] WindowsEditor [ProjectName] Editor" joined multi-casting on [225.0.0.222:54997]...

Player connection [11856] Host "[IP] 192.168.121.1 [Port] 0 [Flags] 2 [Guid] 1716479960 [EditorId] 1716479960 [Version] 1048832 [Id] WindowsEditor(7,Tan) [Debug] 1 [PackageName] WindowsEditor [ProjectName] Editor" joined alternative multi-casting on [225.0.0.222:34997]...

[Physics::Module] Initialized MultithreadedJobDispatcher with 11 workers.
Refreshing native plugins compatible for Editor in 46.87 ms, found 4 plugins.
Preloading 0 native plugins for Editor in 0.00 ms.
Initialize engine version: 2022.3.16f1 (d2c21f0ef2f1)
[Subsystems] Discovering subsystems at path C:/Program Files/Unity/Hub/Editor/2022.3.16f1/Editor/Data/Resources/UnitySubsystems
[Subsystems] Discovering subsystems at path C:/Users/PC/Downloads/Dino Thunder/Assets
GfxDevice: creating device client; threaded=0; jobified=0
Direct3D:
    Version:  Direct3D 11.0 [level 11.1]
    Renderer: Radeon RX 5500M (ID=0x7340)
    Vendor:   ATI
    VRAM:     4052 MB
    Driver:   31.0.22000.39003
Initialize mono
Mono path[0] = 'C:/Program Files/Unity/Hub/Editor/2022.3.16f1/Editor/Data/Managed'
Mono path[1] = 'C:/Program Files/Unity/Hub/Editor/2022.3.16f1/Editor/Data/MonoBleedingEdge/lib/mono/unityjit-win32'
Mono config path = 'C:/Program Files/Unity/Hub/Editor/2022.3.16f1/Editor/Data/MonoBleedingEdge/etc'
Using monoOptions --debugger-agent=transport=dt_socket,embedding=1,server=y,suspend=n,address=127.0.0.1:56544
Begin MonoManager ReloadAssembly
Registering precompiled unity dll's ...
Register platform support module: C:/Program Files/Unity/Hub/Editor/2022.3.16f1/Editor/Data/PlaybackEngines/WebGLSupport/UnityEditor.WebGL.Extensions.dll
Register platform support module: C:/Program Files/Unity/Hub/Editor/2022.3.16f1/Editor/Data/PlaybackEngines/AndroidPlayer/UnityEditor.Android.Extensions.dll
Register platform support module: C:/Program Files/Unity/Hub/Editor/2022.3.16f1/Editor/Data/PlaybackEngines/WindowsStandaloneSupport/UnityEditor.WindowsStandalone.Extensions.dll
Registered in 0.018355 seconds.
- Loaded All Assemblies, in  0.710 seconds
Native extension for WindowsStandalone target not found
Native extension for Android target not found
Android Extension - Scanning For ADB Devices 660 ms
Native extension for WebGL target not found
Mono: successfully reloaded assembly
- Finished resetting the current domain, in  1.252 seconds
Domain Reload Profiling: 1959ms
	BeginReloadAssembly (312ms)
		ExecutionOrderSort (0ms)
		DisableScriptedObjects (0ms)
		BackupInstance (0ms)
		ReleaseScriptingObjects (0ms)
		CreateAndSetChildDomain (2ms)
	RebuildCommonClasses (44ms)
	RebuildNativeTypeToScriptingClass (12ms)
	initialDomainReloadingComplete (96ms)
	LoadAllAssembliesAndSetupDomain (243ms)
		LoadAssemblies (306ms)
		RebuildTransferFunctionScriptingTraits (0ms)
		AnalyzeDomain (236ms)
			TypeCache.Refresh (233ms)
				TypeCache.ScanAssembly (212ms)
			ScanForSourceGeneratedMonoScriptInfo (1ms)
			ResolveRequiredComponents (1ms)
	FinalizeReload (1253ms)
		ReleaseScriptCaches (0ms)
		RebuildScriptCaches (0ms)
		SetupLoadedEditorAssemblies (1159ms)
			LogAssemblyErrors (0ms)
			InitializePlatformSupportModulesInManaged (888ms)
			SetLoadedEditorAssemblies (6ms)
			RefreshPlugins (0ms)
			BeforeProcessingInitializeOnLoad (4ms)
			ProcessInitializeOnLoadAttributes (190ms)
			ProcessInitializeOnLoadMethodAttributes (70ms)
			AfterProcessingInitializeOnLoad (0ms)
			EditorAssembliesLoaded (0ms)
		ExecutionOrderSort2 (0ms)
		AwakeInstancesAfterBackupRestoration (0ms)
========================================================================
Worker process is ready to serve import requests
Begin MonoManager ReloadAssembly
- Loaded All Assemblies, in  3.271 seconds
Refreshing native plugins compatible for Editor in 13.11 ms, found 4 plugins.
Native extension for WindowsStandalone target not found
Native extension for Android target not found
Native extension for WebGL target not found
Package Manager log level set to [2]
[Package Manager] Server::EnsureServerProcessIsRunning -- launch failed, reason: Unity was launched with the -noUpm command-line argument
[Package Manager] UpmClient::Send -- Unable to send message (not connected to UPM process).
[Package Manager] Cannot connect to Unity Package Manager local server
Mono: successfully reloaded assembly
- Finished resetting the current domain, in  1.158 seconds
Domain Reload Profiling: 4421ms
	BeginReloadAssembly (422ms)
		ExecutionOrderSort (0ms)
		DisableScriptedObjects (12ms)
		BackupInstance (0ms)
		ReleaseScriptingObjects (0ms)
		CreateAndSetChildDomain (78ms)
	RebuildCommonClasses (54ms)
	RebuildNativeTypeToScriptingClass (15ms)
	initialDomainReloadingComplete (78ms)
	LoadAllAssembliesAndSetupDomain (2694ms)
		LoadAssemblies (2539ms)
		RebuildTransferFunctionScriptingTraits (0ms)
		AnalyzeDomain (399ms)
			TypeCache.Refresh (351ms)
				TypeCache.ScanAssembly (316ms)
			ScanForSourceGeneratedMonoScriptInfo (37ms)
			ResolveRequiredComponents (7ms)
	FinalizeReload (1159ms)
		ReleaseScriptCaches (0ms)
		RebuildScriptCaches (0ms)
		SetupLoadedEditorAssemblies (840ms)
			LogAssemblyErrors (0ms)
			InitializePlatformSupportModulesInManaged (59ms)
			SetLoadedEditorAssemblies (6ms)
			RefreshPlugins (0ms)
			BeforeProcessingInitializeOnLoad (129ms)
			ProcessInitializeOnLoadAttributes (569ms)
			ProcessInitializeOnLoadMethodAttributes (63ms)
			AfterProcessingInitializeOnLoad (14ms)
			EditorAssembliesLoaded (0ms)
		ExecutionOrderSort2 (0ms)
		AwakeInstancesAfterBackupRestoration (9ms)
Launched and connected shader compiler UnityShaderCompiler.exe after 0.08 seconds
Refreshing native plugins compatible for Editor in 11.97 ms, found 4 plugins.
Preloading 0 native plugins for Editor in 0.00 ms.
Unloading 4043 Unused Serialized files (Serialized files now loaded: 0)
Unloading 70 unused Assets / (244.1 KB). Loaded Objects now: 4503.
Memory consumption went from 150.6 MB to 150.4 MB.
Total: 9.407400 ms (FindLiveObjects: 0.684400 ms CreateObjectMapping: 0.273400 ms MarkObjects: 6.945400 ms  DeleteObjects: 1.502300 ms)

AssetImportParameters requested are different than current active one (requested -> active):
  custom:container-demuxer-ogg: 62fdf1f143b41e24485cea50d1cbac27 -> 
  custom:video-decoder-ogg-theora: a1e56fd34408186e4bbccfd4996cb3dc -> 
  custom:framework-win-MediaFoundation: 216162199b28c13a410421893ffa2e32 -> 
  custom:CustomObjectIndexerAttribute: 43b350a4d6e6d1791af0b5038c4bea17 -> 
  custom:container-demuxer-webm: 4f35f7cbe854078d1ac9338744f61a02 -> 
  custom:container-muxer-webm: aa71ff27fc2769a1b78a27578f13a17b -> 
  custom:video-decoder-webm-vp8: 9c59270c3fd7afecdb556c50c9e8de78 -> 
  custom:SearchIndexIgnoredProperties: e643bd26f0fe6173181afceb89e7c659 -> 
  custom:AudioImporter_EditorPlatform: d09bf68614088b80899f8185d706f6e7 -> 
  custom:video-encoder-webm-vp8: eb34c28f22e8b96e1ab97ce403110664 -> 
  custom:audio-decoder-ogg-vorbis: bf7c407c2cedff20999df2af8eb42d56 -> 
  custom:audio-encoder-webm-vorbis: bf7c407c2cedff20999df2af8eb42d56 -> 
========================================================================
Received Import Request.
  Time since last request: 145663.447371 seconds.
  path: Assets/Prefabs/Player.prefab
  artifactKey: Guid(1ea828418bada35498b6bda50bba4f96) Importer(815301076,1909f56bfc062723c751e8b465ee728b)
Start importing Assets/Prefabs/Player.prefab using Guid(1ea828418bada35498b6bda50bba4f96) Importer(815301076,1909f56bfc062723c751e8b465ee728b)  -> (artifact id: 'ff05449ea6c21bc6020a3ab973e13934') in 0.559119 seconds
Number of updated asset objects reloaded before import = 0
Number of asset objects unloaded after import = 103
========================================================================
Received Import Request.
  Time since last request: 11.776971 seconds.
  path: Assets/Avoid Stones Assets
  artifactKey: Guid(fa8cc9fd5c031794aba0012bfbe4fe93) Importer(815301076,1909f56bfc062723c751e8b465ee728b)
Start importing Assets/Avoid Stones Assets using Guid(fa8cc9fd5c031794aba0012bfbe4fe93) Importer(815301076,1909f56bfc062723c751e8b465ee728b)  -> (artifact id: 'a4cee87bc9da0894f8d20d0debac8b14') in 0.000671 seconds
Number of updated asset objects reloaded before import = 0
Number of asset objects unloaded after import = 0
========================================================================
Received Import Request.
  Time since last request: 1.566719 seconds.
  path: Assets/Avoid Stones Assets/Scripts
  artifactKey: Guid(8294b11dc5fc4524989ef3ee1a7a9b51) Importer(815301076,1909f56bfc062723c751e8b465ee728b)
Start importing Assets/Avoid Stones Assets/Scripts using Guid(8294b11dc5fc4524989ef3ee1a7a9b51) Importer(815301076,1909f56bfc062723c751e8b465ee728b)  -> (artifact id: 'cfff7afb3291f3363cd8302e94edd031') in 0.000564 seconds
Number of updated asset objects reloaded before import = 0
Number of asset objects unloaded after import = 0
========================================================================
Received Import Request.
  Time since last request: 1.997544 seconds.
  path: Assets/Avoid Stones Assets/Sprites/Rock_01.png
  artifactKey: Guid(c5ac6faaa0fbf994bbcfd8574f57d6ca) Importer(815301076,1909f56bfc062723c751e8b465ee728b)
Start importing Assets/Avoid Stones Assets/Sprites/Rock_01.png using Guid(c5ac6faaa0fbf994bbcfd8574f57d6ca) Importer(815301076,1909f56bfc062723c751e8b465ee728b)  -> (artifact id: '6584efa5007628949e1059c1c63d6782') in 0.054350 seconds
Number of updated asset objects reloaded before import = 0
Number of asset objects unloaded after import = 3
========================================================================
Received Import Request.
  Time since last request: 1.523813 seconds.
  path: Assets/Avoid Stones Assets/Sprites/Dino/Dead (1).png
  artifactKey: Guid(52416d3ef0d5b1d468e0a34d637dccee) Importer(815301076,1909f56bfc062723c751e8b465ee728b)
Start importing Assets/Avoid Stones Assets/Sprites/Dino/Dead (1).png using Guid(52416d3ef0d5b1d468e0a34d637dccee) Importer(815301076,1909f56bfc062723c751e8b465ee728b)  -> (artifact id: '730cbe05eb6b342c365291d274b7e2a9') in 0.026301 seconds
Number of updated asset objects reloaded before import = 0
Number of asset objects unloaded after import = 3
========================================================================
Received Import Request.
  Time since last request: 0.000028 seconds.
  path: Assets/Avoid Stones Assets/Sprites/Dino/Dead (6).png
  artifactKey: Guid(c24bb862ddf02de469668dbea1b0bbc7) Importer(815301076,1909f56bfc062723c751e8b465ee728b)
Start importing Assets/Avoid Stones Assets/Sprites/Dino/Dead (6).png using Guid(c24bb862ddf02de469668dbea1b0bbc7) Importer(815301076,1909f56bfc062723c751e8b465ee728b)  -> (artifact id: '756a027eef81709645cec5027e84f623') in 0.026502 seconds
Number of updated asset objects reloaded before import = 0
Number of asset objects unloaded after import = 3
========================================================================
Received Import Request.
  Time since last request: 0.000042 seconds.
  path: Assets/Avoid Stones Assets/Sprites/Dino/Run (4).png
  artifactKey: Guid(15d1e085eafe570469072f629b8ffc83) Importer(815301076,1909f56bfc062723c751e8b465ee728b)
Start importing Assets/Avoid Stones Assets/Sprites/Dino/Run (4).png using Guid(15d1e085eafe570469072f629b8ffc83) Importer(815301076,1909f56bfc062723c751e8b465ee728b)  -> (artifact id: 'ad50cd6ca178acc12c7598e7d6a8242a') in 0.025762 seconds
Number of updated asset objects reloaded before import = 0
Number of asset objects unloaded after import = 3
========================================================================
Received Import Request.
  Time since last request: 0.000020 seconds.
  path: Assets/Avoid Stones Assets/Sprites/Dino/Run (6).png
  artifactKey: Guid(1b5c9f4226621fd468917eddb00a19ab) Importer(815301076,1909f56bfc062723c751e8b465ee728b)
Start importing Assets/Avoid Stones Assets/Sprites/Dino/Run (6).png using Guid(1b5c9f4226621fd468917eddb00a19ab) Importer(815301076,1909f56bfc062723c751e8b465ee728b)  -> (artifact id: '725c47040590cdf38d6efd1ad1304161') in 0.027331 seconds
Number of updated asset objects reloaded before import = 0
Number of asset objects unloaded after import = 3
========================================================================
Received Import Request.
  Time since last request: 0.000027 seconds.
  path: Assets/Avoid Stones Assets/Sprites/Dino/Idle (8).png
  artifactKey: Guid(3b5521e592d6cf34fa3129e697248f0d) Importer(815301076,1909f56bfc062723c751e8b465ee728b)
Start importing Assets/Avoid Stones Assets/Sprites/Dino/Idle (8).png using Guid(3b5521e592d6cf34fa3129e697248f0d) Importer(815301076,1909f56bfc062723c751e8b465ee728b)  -> (artifact id: '175e06f8554f7db9753cd643ef77840b') in 0.027756 seconds
Number of updated asset objects reloaded before import = 0
Number of asset objects unloaded after import = 3
========================================================================
Received Import Request.
  Time since last request: 0.000017 seconds.
  path: Assets/Avoid Stones Assets/Sprites/Dino/Run (2).png
  artifactKey: Guid(e7ac9c8bff741094b8ebb53bd9fe236d) Importer(815301076,1909f56bfc062723c751e8b465ee728b)
Start importing Assets/Avoid Stones Assets/Sprites/Dino/Run (2).png using Guid(e7ac9c8bff741094b8ebb53bd9fe236d) Importer(815301076,1909f56bfc062723c751e8b465ee728b)  -> (artifact id: '38afcd23ce2eb8ceeb47450368d90cf7') in 0.026527 seconds
Number of updated asset objects reloaded before import = 0
Number of asset objects unloaded after import = 3
========================================================================
Received Import Request.
  Time since last request: 0.000025 seconds.
  path: Assets/Avoid Stones Assets/Sprites/Dino/Idle (5).png
  artifactKey: Guid(65122b7a46d1b3f46abdad17b43a142b) Importer(815301076,1909f56bfc062723c751e8b465ee728b)
Start importing Assets/Avoid Stones Assets/Sprites/Dino/Idle (5).png using Guid(65122b7a46d1b3f46abdad17b43a142b) Importer(815301076,1909f56bfc062723c751e8b465ee728b)  -> (artifact id: '604ca15d38b897ca9c9cc5aa6840c1b9') in 0.031955 seconds
Number of updated asset objects reloaded before import = 0
Number of asset objects unloaded after import = 3
========================================================================
Received Import Request.
  Time since last request: 0.000028 seconds.
  path: Assets/Avoid Stones Assets/Sprites/Dino/Dead (5).png
  artifactKey: Guid(2c3f30c809a51a748881eb21df2ee644) Importer(815301076,1909f56bfc062723c751e8b465ee728b)
Start importing Assets/Avoid Stones Assets/Sprites/Dino/Dead (5).png using Guid(2c3f30c809a51a748881eb21df2ee644) Importer(815301076,1909f56bfc062723c751e8b465ee728b)  -> (artifact id: '5dd5a460e9631060e0cedeec73d0af37') in 0.030317 seconds
Number of updated asset objects reloaded before import = 0
Number of asset objects unloaded after import = 3
========================================================================
Received Import Request.
  Time since last request: 0.000030 seconds.
  path: Assets/Avoid Stones Assets/Sprites/Dino/Run (1).png
  artifactKey: Guid(a2826b12e279a4441adde038bc3d6b58) Importer(815301076,1909f56bfc062723c751e8b465ee728b)
Start importing Assets/Avoid Stones Assets/Sprites/Dino/Run (1).png using Guid(a2826b12e279a4441adde038bc3d6b58) Importer(815301076,1909f56bfc062723c751e8b465ee728b)  -> (artifact id: '5342e5e6bb6cce168bbe8bc502060139') in 0.029836 seconds
Number of updated asset objects reloaded before import = 0
Number of asset objects unloaded after import = 3
========================================================================
Received Import Request.
  Time since last request: 2.015906 seconds.
  path: Assets/Avoid Stones Assets/Sprites/Maps/layer-1.png
  artifactKey: Guid(fffa68aaeecb9314285f1a9b7a13339d) Importer(815301076,1909f56bfc062723c751e8b465ee728b)
Start importing Assets/Avoid Stones Assets/Sprites/Maps/layer-1.png using Guid(fffa68aaeecb9314285f1a9b7a13339d) Importer(815301076,1909f56bfc062723c751e8b465ee728b)  -> (artifact id: 'dd06c43d243a7b3234336ccc384116f4') in 0.029243 seconds
Number of updated asset objects reloaded before import = 0
Number of asset objects unloaded after import = 3
========================================================================
Received Import Request.
  Time since last request: 3.415018 seconds.
  path: Assets/Avoid Stones Assets/Audios/BG_Music.ogg
  artifactKey: Guid(064cb72e8ef847242be7cfc90ba52c26) Importer(815301076,1909f56bfc062723c751e8b465ee728b)
Start importing Assets/Avoid Stones Assets/Audios/BG_Music.ogg using Guid(064cb72e8ef847242be7cfc90ba52c26) Importer(815301076,1909f56bfc062723c751e8b465ee728b)  -> (artifact id: 'cdcc1f0ec32c2ea306a8411b8ef46adf') in 0.042939 seconds
Number of updated asset objects reloaded before import = 0
Number of asset objects unloaded after import = 2
========================================================================
Received Import Request.
  Time since last request: 0.000020 seconds.
  path: Assets/Avoid Stones Assets/Audios
  artifactKey: Guid(539301b01438f0544a7c7e6ec3a9b802) Importer(815301076,1909f56bfc062723c751e8b465ee728b)
Start importing Assets/Avoid Stones Assets/Audios using Guid(539301b01438f0544a7c7e6ec3a9b802) Importer(815301076,1909f56bfc062723c751e8b465ee728b)  -> (artifact id: '38646837d1c00784a895c61461cfda43') in 0.000500 seconds
Number of updated asset objects reloaded before import = 0
Number of asset objects unloaded after import = 0
========================================================================
Received Prepare
Begin MonoManager ReloadAssembly
- Loaded All Assemblies, in  0.685 seconds
Refreshing native plugins compatible for Editor in 7.34 ms, found 4 plugins.
Native extension for WindowsStandalone target not found
Native extension for Android target not found
Native extension for WebGL target not found
[Package Manager] Server::EnsureServerProcessIsRunning -- launch failed, reason: Unity was launched with the -noUpm command-line argument
[Package Manager] UpmClient::Send -- Unable to send message (not connected to UPM process).
[Package Manager] Cannot connect to Unity Package Manager local server
Mono: successfully reloaded assembly
- Finished resetting the current domain, in  2.039 seconds
Domain Reload Profiling: 2718ms
	BeginReloadAssembly (194ms)
		ExecutionOrderSort (0ms)
		DisableScriptedObjects (12ms)
		BackupInstance (0ms)
		ReleaseScriptingObjects (0ms)
		CreateAndSetChildDomain (44ms)
	RebuildCommonClasses (34ms)
	RebuildNativeTypeToScriptingClass (13ms)
	initialDomainReloadingComplete (42ms)
	LoadAllAssembliesAndSetupDomain (395ms)
		LoadAssemblies (469ms)
		RebuildTransferFunctionScriptingTraits (0ms)
		AnalyzeDomain (28ms)
			TypeCache.Refresh (12ms)
				TypeCache.ScanAssembly (0ms)
			ScanForSourceGeneratedMonoScriptInfo (11ms)
			ResolveRequiredComponents (4ms)
	FinalizeReload (2040ms)
		ReleaseScriptCaches (0ms)
		RebuildScriptCaches (0ms)
		SetupLoadedEditorAssemblies (424ms)
			LogAssemblyErrors (0ms)
			InitializePlatformSupportModulesInManaged (32ms)
			SetLoadedEditorAssemblies (3ms)
			RefreshPlugins (0ms)
			BeforeProcessingInitializeOnLoad (82ms)
			ProcessInitializeOnLoadAttributes (268ms)
			ProcessInitializeOnLoadMethodAttributes (30ms)
			AfterProcessingInitializeOnLoad (9ms)
			EditorAssembliesLoaded (0ms)
		ExecutionOrderSort2 (0ms)
		AwakeInstancesAfterBackupRestoration (12ms)
Refreshing native plugins compatible for Editor in 6.30 ms, found 4 plugins.
Preloading 0 native plugins for Editor in 0.00 ms.
Unloading 4033 Unused Serialized files (Serialized files now loaded: 0)
Unloading 45 unused Assets / (218.2 KB). Loaded Objects now: 4520.
Memory consumption went from 150.4 MB to 150.2 MB.
Total: 3.954600 ms (FindLiveObjects: 0.359700 ms CreateObjectMapping: 0.127600 ms MarkObjects: 3.255400 ms  DeleteObjects: 0.210600 ms)

Prepare: number of updated asset objects reloaded= 0
AssetImportParameters requested are different than current active one (requested -> active):
  custom:container-demuxer-ogg: 62fdf1f143b41e24485cea50d1cbac27 -> 
  custom:video-decoder-ogg-theora: a1e56fd34408186e4bbccfd4996cb3dc -> 
  custom:framework-win-MediaFoundation: 216162199b28c13a410421893ffa2e32 -> 
  custom:CustomObjectIndexerAttribute: 43b350a4d6e6d1791af0b5038c4bea17 -> 
  custom:container-demuxer-webm: 4f35f7cbe854078d1ac9338744f61a02 -> 
  custom:container-muxer-webm: aa71ff27fc2769a1b78a27578f13a17b -> 
  custom:video-decoder-webm-vp8: 9c59270c3fd7afecdb556c50c9e8de78 -> 
  custom:SearchIndexIgnoredProperties: e643bd26f0fe6173181afceb89e7c659 -> 
  custom:AudioImporter_EditorPlatform: d09bf68614088b80899f8185d706f6e7 -> 
  custom:video-encoder-webm-vp8: eb34c28f22e8b96e1ab97ce403110664 -> 
  custom:audio-decoder-ogg-vorbis: bf7c407c2cedff20999df2af8eb42d56 -> 
  custom:audio-encoder-webm-vorbis: bf7c407c2cedff20999df2af8eb42d56 -> 
Editor requested this worker to shutdown with reason: Scaling down because of idle timeout
TcpMessagingSession - receive error: operation aborted. errorcode: 995, details: The I/O operation has been aborted because of either a thread exit or an application request.
AssetImportWorker is now disconnected from the server
Process exiting
Exiting without the bug reporter. Application will terminate with return code 0